This is pdfTeX, Version 3.14159265-2.6-1.40.16 (TeX Live 2015/Debian) (preloaded format=pdflatex 2018.9.9)  10 SEP 2018 21:14
entering extended mode
 restricted \write18 enabled.
 file:line:error style messages enabled.
 %&-line parsing enabled.
**"/media/vikasgola/Tutorials&Files/IIT_JAMMU/sem 5/network/assignments/assignm
ent 1/report.tex"

(/media/vikasgola/Tutorials&Files/IIT_JAMMU/sem 5/network/assignments/assignmen
t 1/report.tex
LaTeX2e <2016/02/01>
Babel <3.9q> and hyphenation patterns for 81 language(s) loaded.
(/usr/share/texlive/texmf-dist/tex/latex/extsizes/extarticle.cls
Document Class: extarticle 1996/10/08 v1.0 Non Standard LaTeX document class
(/usr/share/texlive/texmf-dist/tex/latex/extsizes/size14.clo
File: size14.clo 1999/11/11 v1.4a NON-Standard LaTeX file (size option)
)
(/usr/share/texlive/texmf-dist/tex/latex/base/exscale.sty
Package: exscale 2014/09/29 v2.1h Standard LaTeX package exscale
LaTeX Font Info:    Redeclaring symbol font `largesymbols' on input line 57.
LaTeX Font Info:    Overwriting symbol font `largesymbols' in version `normal'
(Font)                  OMX/cmex/m/n --> OMX/cmex/m/n on input line 57.
LaTeX Font Info:    Overwriting symbol font `largesymbols' in version `bold'
(Font)                  OMX/cmex/m/n --> OMX/cmex/m/n on input line 57.
\big@size=\dimen102
)
\c@part=\count79
\c@section=\count80
\c@subsection=\count81
\c@subsubsection=\count82
\c@paragraph=\count83
\c@subparagraph=\count84
\c@figure=\count85
\c@table=\count86
\abovecaptionskip=\skip41
\belowcaptionskip=\skip42
\bibindent=\dimen103
)
(/usr/share/texlive/texmf-dist/tex/latex/graphics/graphicx.sty
Package: graphicx 2014/10/28 v1.0g Enhanced LaTeX Graphics (DPC,SPQR)

(/usr/share/texlive/texmf-dist/tex/latex/graphics/keyval.sty
Package: keyval 2014/10/28 v1.15 key=value parser (DPC)
\KV@toks@=\toks14
)
(/usr/share/texlive/texmf-dist/tex/latex/graphics/graphics.sty
Package: graphics 2016/01/03 v1.0q Standard LaTeX Graphics (DPC,SPQR)

(/usr/share/texlive/texmf-dist/tex/latex/graphics/trig.sty
Package: trig 2016/01/03 v1.10 sin cos tan (DPC)
)
(/usr/share/texlive/texmf-dist/tex/latex/latexconfig/graphics.cfg
File: graphics.cfg 2010/04/23 v1.9 graphics configuration of TeX Live
)
Package graphics Info: Driver file: pdftex.def on input line 95.

(/usr/share/texlive/texmf-dist/tex/latex/pdftex-def/pdftex.def
File: pdftex.def 2011/05/27 v0.06d Graphics/color for pdfTeX

(/usr/share/texlive/texmf-dist/tex/generic/oberdiek/infwarerr.sty
Package: infwarerr 2010/04/08 v1.3 Providing info/warning/error messages (HO)
)
(/usr/share/texlive/texmf-dist/tex/generic/oberdiek/ltxcmds.sty
Package: ltxcmds 2011/11/09 v1.22 LaTeX kernel commands for general use (HO)
)
\Gread@gobject=\count87
))
\Gin@req@height=\dimen104
\Gin@req@width=\dimen105
)
(/usr/share/texlive/texmf-dist/tex/latex/geometry/geometry.sty
Package: geometry 2010/09/12 v5.6 Page Geometry

(/usr/share/texlive/texmf-dist/tex/generic/oberdiek/ifpdf.sty
Package: ifpdf 2011/01/30 v2.3 Provides the ifpdf switch (HO)
Package ifpdf Info: pdfTeX in PDF mode is detected.
)
(/usr/share/texlive/texmf-dist/tex/generic/oberdiek/ifvtex.sty
Package: ifvtex 2010/03/01 v1.5 Detect VTeX and its facilities (HO)
Package ifvtex Info: VTeX not detected.
)
(/usr/share/texlive/texmf-dist/tex/generic/ifxetex/ifxetex.sty
Package: ifxetex 2010/09/12 v0.6 Provides ifxetex conditional
)
\Gm@cnth=\count88
\Gm@cntv=\count89
\c@Gm@tempcnt=\count90
\Gm@bindingoffset=\dimen106
\Gm@wd@mp=\dimen107
\Gm@odd@mp=\dimen108
\Gm@even@mp=\dimen109
\Gm@layoutwidth=\dimen110
\Gm@layoutheight=\dimen111
\Gm@layouthoffset=\dimen112
\Gm@layoutvoffset=\dimen113
\Gm@dimlist=\toks15
) (./report.aux)
\openout1 = `report.aux'.

LaTeX Font Info:    Checking defaults for OML/cmm/m/it on input line 8.
LaTeX Font Info:    ... okay on input line 8.
LaTeX Font Info:    Checking defaults for T1/cmr/m/n on input line 8.
LaTeX Font Info:    ... okay on input line 8.
LaTeX Font Info:    Checking defaults for OT1/cmr/m/n on input line 8.
LaTeX Font Info:    ... okay on input line 8.
LaTeX Font Info:    Checking defaults for OMS/cmsy/m/n on input line 8.
LaTeX Font Info:    ... okay on input line 8.
LaTeX Font Info:    Checking defaults for OMX/cmex/m/n on input line 8.
LaTeX Font Info:    ... okay on input line 8.
LaTeX Font Info:    Checking defaults for U/cmr/m/n on input line 8.
LaTeX Font Info:    ... okay on input line 8.
(/usr/share/texlive/texmf-dist/tex/context/base/supp-pdf.mkii
[Loading MPS to PDF converter (version 2006.09.02).]
\scratchcounter=\count91
\scratchdimen=\dimen114
\scratchbox=\box26
\nofMPsegments=\count92
\nofMParguments=\count93
\everyMPshowfont=\toks16
\MPscratchCnt=\count94
\MPscratchDim=\dimen115
\MPnumerator=\count95
\makeMPintoPDFobject=\count96
\everyMPtoPDFconversion=\toks17
) (/usr/share/texlive/texmf-dist/tex/generic/oberdiek/pdftexcmds.sty
Package: pdftexcmds 2011/11/29 v0.20 Utility functions of pdfTeX for LuaTeX (HO
)

(/usr/share/texlive/texmf-dist/tex/generic/oberdiek/ifluatex.sty
Package: ifluatex 2010/03/01 v1.3 Provides the ifluatex switch (HO)
Package ifluatex Info: LuaTeX not detected.
)
Package pdftexcmds Info: LuaTeX not detected.
Package pdftexcmds Info: \pdf@primitive is available.
Package pdftexcmds Info: \pdf@ifprimitive is available.
Package pdftexcmds Info: \pdfdraftmode found.
)
(/usr/share/texlive/texmf-dist/tex/latex/oberdiek/epstopdf-base.sty
Package: epstopdf-base 2010/02/09 v2.5 Base part for package epstopdf

(/usr/share/texlive/texmf-dist/tex/latex/oberdiek/grfext.sty
Package: grfext 2010/08/19 v1.1 Manage graphics extensions (HO)

(/usr/share/texlive/texmf-dist/tex/generic/oberdiek/kvdefinekeys.sty
Package: kvdefinekeys 2011/04/07 v1.3 Define keys (HO)
))
(/usr/share/texlive/texmf-dist/tex/latex/oberdiek/kvoptions.sty
Package: kvoptions 2011/06/30 v3.11 Key value format for package options (HO)

(/usr/share/texlive/texmf-dist/tex/generic/oberdiek/kvsetkeys.sty
Package: kvsetkeys 2012/04/25 v1.16 Key value parser (HO)

(/usr/share/texlive/texmf-dist/tex/generic/oberdiek/etexcmds.sty
Package: etexcmds 2011/02/16 v1.5 Avoid name clashes with e-TeX commands (HO)
Package etexcmds Info: Could not find \expanded.
(etexcmds)             That can mean that you are not using pdfTeX 1.50 or
(etexcmds)             that some package has redefined \expanded.
(etexcmds)             In the latter case, load this package earlier.
)))
Package grfext Info: Graphics extension search list:
(grfext)             [.png,.pdf,.jpg,.mps,.jpeg,.jbig2,.jb2,.PNG,.PDF,.JPG,.JPE
G,.JBIG2,.JB2,.eps]
(grfext)             \AppendGraphicsExtensions on input line 452.

(/usr/share/texlive/texmf-dist/tex/latex/latexconfig/epstopdf-sys.cfg
File: epstopdf-sys.cfg 2010/07/13 v1.3 Configuration of (r)epstopdf for TeX Liv
e
))
*geometry* driver: auto-detecting
*geometry* detected driver: pdftex
*geometry* verbose mode - [ preamble ] result:
* driver: pdftex
* paper: <default>
* layout: <same size as paper>
* layoutoffset:(h,v)=(0.0pt,0.0pt)
* modes: 
* h-part:(L,W,R)=(72.26999pt, 469.75502pt, 72.26999pt)
* v-part:(T,H,B)=(72.26999pt, 650.43001pt, 72.26999pt)
* \paperwidth=614.295pt
* \paperheight=794.96999pt
* \textwidth=469.75502pt
* \textheight=650.43001pt
* \oddsidemargin=0.0pt
* \evensidemargin=0.0pt
* \topmargin=-39.0pt
* \headheight=14.0pt
* \headsep=25.0pt
* \topskip=14.0pt
* \footskip=30.0pt
* \marginparwidth=24.0pt
* \marginparsep=10.0pt
* \columnsep=10.0pt
* \skip\footins=12.0pt plus 4.0pt minus 2.0pt
* \hoffset=0.0pt
* \voffset=0.0pt
* \mag=1000
* \@twocolumnfalse
* \@twosidefalse
* \@mparswitchfalse
* \@reversemarginfalse
* (1in=72.27pt=25.4mm, 1cm=28.453pt)

[1

{/var/lib/texmf/fonts/map/pdftex/updmap/pdftex.map}]
LaTeX Font Info:    Try loading font information for OMS+cmr on input line 24.

(/usr/share/texlive/texmf-dist/tex/latex/base/omscmr.fd
File: omscmr.fd 2014/09/29 v2.5h Standard LaTeX font definitions
)
LaTeX Font Info:    Font shape `OMS/cmr/m/n' in size <14.4> not available
(Font)              Font shape `OMS/cmsy/m/n' tried instead on input line 24.

<./images/1.png, id=8, 754.82pt x 581.17125pt>
File: ./images/1.png Graphic file (type png)
 <use ./images/1.png>
Package pdftex.def Info: ./images/1.png used on input line 35.
(pdftex.def)             Requested size: 415.1523pt x 319.64517pt.

<./images/2.png, id=9, 993.7125pt x 579.16376pt>
File: ./images/2.png Graphic file (type png)
 <use ./images/2.png>
Package pdftex.def Info: ./images/2.png used on input line 43.
(pdftex.def)             Requested size: 447.16649pt x 260.62128pt.
 [2 <./images/1.png>] [3 <./images/2.png>]
<./images/3.png, id=18, 962.59625pt x 575.14874pt>
File: ./images/3.png Graphic file (type png)
 <use ./images/3.png>
Package pdftex.def Info: ./images/3.png used on input line 67.
(pdftex.def)             Requested size: 433.1643pt x 258.81454pt.

<./images/4.png, id=19, 742.775pt x 438.63875pt>
File: ./images/4.png Graphic file (type png)
 <use ./images/4.png>
Package pdftex.def Info: ./images/4.png used on input line 79.
(pdftex.def)             Requested size: 445.66843pt x 263.18527pt.
 [4 <./images/3.png>] <./images/6.png, id=23, 962.59625pt x 542.025pt>
File: ./images/6.png Graphic file (type png)

<use ./images/6.png>
Package pdftex.def Info: ./images/6.png used on input line 94.
(pdftex.def)             Requested size: 462.04095pt x 260.16904pt.
 [5 <./images/4.png>]
<./images/7.png, id=27, 1000.73875pt x 364.36125pt>
File: ./images/7.png Graphic file (type png)
 <use ./images/7.png>
Package pdftex.def Info: ./images/7.png used on input line 102.
(pdftex.def)             Requested size: 480.34915pt x 174.8914pt.

Overfull \hbox (33.61244pt too wide) in paragraph at lines 97--104
\OT1/cmr/bx/n/17.28 An-swer \OT1/cmr/m/n/14.4 In-ter-face id is 0 (enp2s0) and 
ad-dress of this in-ter-face is a0:8c:fd:2d:7f:92. 
 []


Overfull \hbox (10.59413pt too wide) in paragraph at lines 97--104
[]
 []

<./images/8.png, id=28, 962.59625pt x 541.02126pt>
File: ./images/8.png Graphic file (type png)
 <use ./images/8.png>
Package pdftex.def Info: ./images/8.png used on input line 116.
(pdftex.def)             Requested size: 462.04095pt x 259.68724pt.

[6 <./images/6.png> <./images/7.png>]
<./images/11.png, id=32, 997.7275pt x 542.025pt>
File: ./images/11.png Graphic file (type png)
 <use ./images/11.png>
Package pdftex.def Info: ./images/11.png used on input line 135.
(pdftex.def)             Requested size: 498.86252pt x 271.01183pt.

Overfull \hbox (27.54419pt too wide) in paragraph at lines 128--137
\OT1/cmr/bx/n/17.28 An-swer \OT1/cmr/m/n/14.4 Phys-i-cal ad-dress of the des-ti
-na-tion in the first packet is a0:3d:6f:af:0c:44
 []


Overfull \hbox (29.1075pt too wide) in paragraph at lines 128--137
[]
 []

[7 <./images/8.png>] <./images/12.png, id=37, 962.59625pt x 542.025pt>
File: ./images/12.png Graphic file (type png)

<use ./images/12.png>
Package pdftex.def Info: ./images/12.png used on input line 144.
(pdftex.def)             Requested size: 433.1643pt x 243.90898pt.
 [8 <./images/11.png>]
<./images/14.png, id=41, 962.59625pt x 245.91875pt>
File: ./images/14.png Graphic file (type png)
 <use ./images/14.png>
Package pdftex.def Info: ./images/14.png used on input line 163.
(pdftex.def)             Requested size: 481.29695pt x 122.95906pt.

Overfull \hbox (11.54193pt too wide) in paragraph at lines 155--165
[]
 []

[9 <./images/12.png> <./images/14.png>]
Missing character: There is no â in font cmr12!
Missing character: There is no € in font cmr12!
Missing character: There is no ™ in font cmr12!
Missing character: There is no â in font cmr12!
Missing character: There is no € in font cmr12!
Missing character: There is no ™ in font cmr12!

<./images/16.png, id=45, 933.4875pt x 449.68pt>
File: ./images/16.png Graphic file (type png)
 <use ./images/16.png>
Package pdftex.def Info: ./images/16.png used on input line 185.
(pdftex.def)             Requested size: 466.74261pt x 224.83945pt.

Overfull \hbox (55.28572pt too wide) in paragraph at lines 176--187
\OT1/cmr/bx/n/17.28 An-swer \OT1/cmr/m/n/14.4 Wire-shark al-ways dis-played a S
YN(Sequence) and ACK(Acknowledgement)
 []


Overfull \hbox (0.1209pt too wide) in paragraph at lines 176--187
[]  
 []

<./images/17.png, id=46, 845.1575pt x 452.69125pt>
File: ./images/17.png Graphic file (type png)
 <use ./images/17.png>
Package pdftex.def Info: ./images/17.png used on input line 195.
(pdftex.def)             Requested size: 422.57771pt x 226.34506pt.

[10 <./images/16.png>] [11 <./images/17.png>] (./report.aux) ) 
Here is how much of TeX's memory you used:
 2066 strings out of 493029
 31857 string characters out of 6136235
 95458 words of memory out of 5000000
 5589 multiletter control sequences out of 15000+600000
 7981 words of font info for 29 fonts, out of 8000000 for 9000
 1141 hyphenation exceptions out of 8191
 38i,7n,32p,335b,238s stack positions out of 5000i,500n,10000p,200000b,80000s
</usr/share/texli
ve/texmf-dist/fonts/type1/public/amsfonts/cm/cmbx12.pfb></usr/share/texlive/tex
mf-dist/fonts/type1/public/amsfonts/cm/cmr12.pfb></usr/share/texlive/texmf-dist
/fonts/type1/public/amsfonts/cm/cmr17.pfb></usr/share/texlive/texmf-dist/fonts/
type1/public/amsfonts/cm/cmsy10.pfb>
Output written on report.pdf (11 pages, 1201237 bytes).
PDF statistics:
 68 PDF objects out of 1000 (max. 8388607)
 38 compressed objects within 1 object stream
 0 named destinations out of 1000 (max. 500000)
 61 words of extra memory for PDF output out of 10000 (max. 10000000)

