This is pdfTeX, Version 3.14159265-2.6-1.40.16 (TeX Live 2015/Debian) (preloaded format=pdflatex 2018.8.19)  25 AUG 2018 22:02
entering extended mode
 restricted \write18 enabled.
 file:line:error style messages enabled.
 %&-line parsing enabled.
**"/media/vikasgola/tutorials/IIT_JAMMU/sem 5/network/assignment 2/report.tex"
(/media/vikasgola/tutorials/IIT_JAMMU/sem 5/network/assignment 2/report.tex
LaTeX2e <2016/02/01>
Babel <3.9q> and hyphenation patterns for 81 language(s) loaded.
(/usr/share/texlive/texmf-dist/tex/latex/extsizes/extarticle.cls
Document Class: extarticle 1996/10/08 v1.0 Non Standard LaTeX document class
(/usr/share/texlive/texmf-dist/tex/latex/extsizes/size14.clo
File: size14.clo 1999/11/11 v1.4a NON-Standard LaTeX file (size option)
)
(/usr/share/texlive/texmf-dist/tex/latex/base/exscale.sty
Package: exscale 2014/09/29 v2.1h Standard LaTeX package exscale
LaTeX Font Info:    Redeclaring symbol font `largesymbols' on input line 57.
LaTeX Font Info:    Overwriting symbol font `largesymbols' in version `normal'
(Font)                  OMX/cmex/m/n --> OMX/cmex/m/n on input line 57.
LaTeX Font Info:    Overwriting symbol font `largesymbols' in version `bold'
(Font)                  OMX/cmex/m/n --> OMX/cmex/m/n on input line 57.
\big@size=\dimen102
)
\c@part=\count79
\c@section=\count80
\c@subsection=\count81
\c@subsubsection=\count82
\c@paragraph=\count83
\c@subparagraph=\count84
\c@figure=\count85
\c@table=\count86
\abovecaptionskip=\skip41
\belowcaptionskip=\skip42
\bibindent=\dimen103
)
(/usr/share/texlive/texmf-dist/tex/latex/graphics/graphicx.sty
Package: graphicx 2014/10/28 v1.0g Enhanced LaTeX Graphics (DPC,SPQR)

(/usr/share/texlive/texmf-dist/tex/latex/graphics/keyval.sty
Package: keyval 2014/10/28 v1.15 key=value parser (DPC)
\KV@toks@=\toks14
)
(/usr/share/texlive/texmf-dist/tex/latex/graphics/graphics.sty
Package: graphics 2016/01/03 v1.0q Standard LaTeX Graphics (DPC,SPQR)

(/usr/share/texlive/texmf-dist/tex/latex/graphics/trig.sty
Package: trig 2016/01/03 v1.10 sin cos tan (DPC)
)
(/usr/share/texlive/texmf-dist/tex/latex/latexconfig/graphics.cfg
File: graphics.cfg 2010/04/23 v1.9 graphics configuration of TeX Live
)
Package graphics Info: Driver file: pdftex.def on input line 95.

(/usr/share/texlive/texmf-dist/tex/latex/pdftex-def/pdftex.def
File: pdftex.def 2011/05/27 v0.06d Graphics/color for pdfTeX

(/usr/share/texlive/texmf-dist/tex/generic/oberdiek/infwarerr.sty
Package: infwarerr 2010/04/08 v1.3 Providing info/warning/error messages (HO)
)
(/usr/share/texlive/texmf-dist/tex/generic/oberdiek/ltxcmds.sty
Package: ltxcmds 2011/11/09 v1.22 LaTeX kernel commands for general use (HO)
)
\Gread@gobject=\count87
))
\Gin@req@height=\dimen104
\Gin@req@width=\dimen105
)
(/usr/share/texlive/texmf-dist/tex/latex/pdfpages/pdfpages.sty
Package: pdfpages 2015/09/18 v0.5d Insert pages of external PDF documents (AM)

(/usr/share/texlive/texmf-dist/tex/latex/base/ifthen.sty
Package: ifthen 2014/09/29 v1.1c Standard LaTeX ifthen package (DPC)
)
(/usr/share/texlive/texmf-dist/tex/latex/tools/calc.sty
Package: calc 2014/10/28 v4.3 Infix arithmetic (KKT,FJ)
\calc@Acount=\count88
\calc@Bcount=\count89
\calc@Adimen=\dimen106
\calc@Bdimen=\dimen107
\calc@Askip=\skip43
\calc@Bskip=\skip44
LaTeX Info: Redefining \setlength on input line 80.
LaTeX Info: Redefining \addtolength on input line 81.
\calc@Ccount=\count90
\calc@Cskip=\skip45
)
(/usr/share/texlive/texmf-dist/tex/latex/eso-pic/eso-pic.sty
Package: eso-pic 2015/07/21 v2.0g eso-pic (RN)

(/usr/share/texlive/texmf-dist/tex/generic/oberdiek/atbegshi.sty
Package: atbegshi 2011/10/05 v1.16 At begin shipout hook (HO)

(/usr/share/texlive/texmf-dist/tex/generic/oberdiek/ifpdf.sty
Package: ifpdf 2011/01/30 v2.3 Provides the ifpdf switch (HO)
Package ifpdf Info: pdfTeX in PDF mode is detected.
))
(/usr/share/texlive/texmf-dist/tex/latex/xcolor/xcolor.sty
Package: xcolor 2007/01/21 v2.11 LaTeX color extensions (UK)

(/usr/share/texlive/texmf-dist/tex/latex/latexconfig/color.cfg
File: color.cfg 2007/01/18 v1.5 color configuration of teTeX/TeXLive
)
Package xcolor Info: Driver file: pdftex.def on input line 225.
Package xcolor Info: Model `cmy' substituted by `cmy0' on input line 1337.
Package xcolor Info: Model `hsb' substituted by `rgb' on input line 1341.
Package xcolor Info: Model `RGB' extended on input line 1353.
Package xcolor Info: Model `HTML' substituted by `rgb' on input line 1355.
Package xcolor Info: Model `Hsb' substituted by `hsb' on input line 1356.
Package xcolor Info: Model `tHsb' substituted by `hsb' on input line 1357.
Package xcolor Info: Model `HSB' substituted by `hsb' on input line 1358.
Package xcolor Info: Model `Gray' substituted by `gray' on input line 1359.
Package xcolor Info: Model `wave' substituted by `hsb' on input line 1360.
))
\AM@pagewidth=\dimen108
\AM@pageheight=\dimen109

(/usr/share/texlive/texmf-dist/tex/latex/pdfpages/pppdftex.def
File: pppdftex.def 2015/09/18 v0.5d Pdfpages driver for pdfTeX (AM)
)
\AM@pagebox=\box26
\AM@toc@title=\toks15
\c@AM@survey=\count91
\AM@templatesizebox=\box27
)
(/usr/share/texlive/texmf-dist/tex/latex/geometry/geometry.sty
Package: geometry 2010/09/12 v5.6 Page Geometry

(/usr/share/texlive/texmf-dist/tex/generic/oberdiek/ifvtex.sty
Package: ifvtex 2010/03/01 v1.5 Detect VTeX and its facilities (HO)
Package ifvtex Info: VTeX not detected.
)
(/usr/share/texlive/texmf-dist/tex/generic/ifxetex/ifxetex.sty
Package: ifxetex 2010/09/12 v0.6 Provides ifxetex conditional
)
\Gm@cnth=\count92
\Gm@cntv=\count93
\c@Gm@tempcnt=\count94
\Gm@bindingoffset=\dimen110
\Gm@wd@mp=\dimen111
\Gm@odd@mp=\dimen112
\Gm@even@mp=\dimen113
\Gm@layoutwidth=\dimen114
\Gm@layoutheight=\dimen115
\Gm@layouthoffset=\dimen116
\Gm@layoutvoffset=\dimen117
\Gm@dimlist=\toks16
) (./report.aux)
\openout1 = `report.aux'.

LaTeX Font Info:    Checking defaults for OML/cmm/m/it on input line 9.
LaTeX Font Info:    ... okay on input line 9.
LaTeX Font Info:    Checking defaults for T1/cmr/m/n on input line 9.
LaTeX Font Info:    ... okay on input line 9.
LaTeX Font Info:    Checking defaults for OT1/cmr/m/n on input line 9.
LaTeX Font Info:    ... okay on input line 9.
LaTeX Font Info:    Checking defaults for OMS/cmsy/m/n on input line 9.
LaTeX Font Info:    ... okay on input line 9.
LaTeX Font Info:    Checking defaults for OMX/cmex/m/n on input line 9.
LaTeX Font Info:    ... okay on input line 9.
LaTeX Font Info:    Checking defaults for U/cmr/m/n on input line 9.
LaTeX Font Info:    ... okay on input line 9.
(/usr/share/texlive/texmf-dist/tex/context/base/supp-pdf.mkii
[Loading MPS to PDF converter (version 2006.09.02).]
\scratchcounter=\count95
\scratchdimen=\dimen118
\scratchbox=\box28
\nofMPsegments=\count96
\nofMParguments=\count97
\everyMPshowfont=\toks17
\MPscratchCnt=\count98
\MPscratchDim=\dimen119
\MPnumerator=\count99
\makeMPintoPDFobject=\count100
\everyMPtoPDFconversion=\toks18
) (/usr/share/texlive/texmf-dist/tex/generic/oberdiek/pdftexcmds.sty
Package: pdftexcmds 2011/11/29 v0.20 Utility functions of pdfTeX for LuaTeX (HO
)

(/usr/share/texlive/texmf-dist/tex/generic/oberdiek/ifluatex.sty
Package: ifluatex 2010/03/01 v1.3 Provides the ifluatex switch (HO)
Package ifluatex Info: LuaTeX not detected.
)
Package pdftexcmds Info: LuaTeX not detected.
Package pdftexcmds Info: \pdf@primitive is available.
Package pdftexcmds Info: \pdf@ifprimitive is available.
Package pdftexcmds Info: \pdfdraftmode found.
)
(/usr/share/texlive/texmf-dist/tex/latex/oberdiek/epstopdf-base.sty
Package: epstopdf-base 2010/02/09 v2.5 Base part for package epstopdf

(/usr/share/texlive/texmf-dist/tex/latex/oberdiek/grfext.sty
Package: grfext 2010/08/19 v1.1 Manage graphics extensions (HO)

(/usr/share/texlive/texmf-dist/tex/generic/oberdiek/kvdefinekeys.sty
Package: kvdefinekeys 2011/04/07 v1.3 Define keys (HO)
))
(/usr/share/texlive/texmf-dist/tex/latex/oberdiek/kvoptions.sty
Package: kvoptions 2011/06/30 v3.11 Key value format for package options (HO)

(/usr/share/texlive/texmf-dist/tex/generic/oberdiek/kvsetkeys.sty
Package: kvsetkeys 2012/04/25 v1.16 Key value parser (HO)

(/usr/share/texlive/texmf-dist/tex/generic/oberdiek/etexcmds.sty
Package: etexcmds 2011/02/16 v1.5 Avoid name clashes with e-TeX commands (HO)
Package etexcmds Info: Could not find \expanded.
(etexcmds)             That can mean that you are not using pdfTeX 1.50 or
(etexcmds)             that some package has redefined \expanded.
(etexcmds)             In the latter case, load this package earlier.
)))
Package grfext Info: Graphics extension search list:
(grfext)             [.png,.pdf,.jpg,.mps,.jpeg,.jbig2,.jb2,.PNG,.PDF,.JPG,.JPE
G,.JBIG2,.JB2,.eps]
(grfext)             \AppendGraphicsExtensions on input line 452.

(/usr/share/texlive/texmf-dist/tex/latex/latexconfig/epstopdf-sys.cfg
File: epstopdf-sys.cfg 2010/07/13 v1.3 Configuration of (r)epstopdf for TeX Liv
e
))
\AtBeginShipoutBox=\box29

(/usr/share/texlive/texmf-dist/tex/latex/oberdiek/pdflscape.sty
Package: pdflscape 2008/08/11 v0.10 Display of landscape pages in PDF (HO)

(/usr/share/texlive/texmf-dist/tex/latex/graphics/lscape.sty
Package: lscape 2000/10/22 v3.01 Landscape Pages (DPC)
)
Package pdflscape Info: Auto-detected driver: pdftex on input line 80.
)
*geometry* driver: auto-detecting
*geometry* detected driver: pdftex
*geometry* verbose mode - [ preamble ] result:
* driver: pdftex
* paper: <default>
* layout: <same size as paper>
* layoutoffset:(h,v)=(0.0pt,0.0pt)
* modes: 
* h-part:(L,W,R)=(72.26999pt, 469.75502pt, 72.26999pt)
* v-part:(T,H,B)=(72.26999pt, 650.43001pt, 72.26999pt)
* \paperwidth=614.295pt
* \paperheight=794.96999pt
* \textwidth=469.75502pt
* \textheight=650.43001pt
* \oddsidemargin=0.0pt
* \evensidemargin=0.0pt
* \topmargin=-39.0pt
* \headheight=14.0pt
* \headsep=25.0pt
* \topskip=14.0pt
* \footskip=30.0pt
* \marginparwidth=24.0pt
* \marginparsep=10.0pt
* \columnsep=10.0pt
* \skip\footins=12.0pt plus 4.0pt minus 2.0pt
* \hoffset=0.0pt
* \voffset=0.0pt
* \mag=1000
* \@twocolumnfalse
* \@twosidefalse
* \@mparswitchfalse
* \@reversemarginfalse
* (1in=72.27pt=25.4mm, 1cm=28.453pt)

[1

{/var/lib/texmf/fonts/map/pdftex/updmap/pdftex.map}]
LaTeX Font Info:    Try loading font information for OMS+cmr on input line 23.

(/usr/share/texlive/texmf-dist/tex/latex/base/omscmr.fd
File: omscmr.fd 2014/09/29 v2.5h Standard LaTeX font definitions
)
LaTeX Font Info:    Font shape `OMS/cmr/m/n' in size <14.4> not available
(Font)              Font shape `OMS/cmsy/m/n' tried instead on input line 23.
 [2]
LaTeX Font Info:    External font `cmex7' loaded for size
(Font)              <7> on input line 85.
 [3]
Underfull \hbox (badness 10000) in paragraph at lines 129--151

 []

[4] <./images/5.png, id=20, 965.6075pt x 90.3375pt>
File: ./images/5.png Graphic file (type png)
 <use ./images/5.png>
Package pdftex.def Info: ./images/5.png used on input line 158.
(pdftex.def)             Requested size: 463.48634pt x 43.3615pt.

[5] [6 <./images/5.png>]
Underfull \hbox (badness 10000) in paragraph at lines 205--210

 []


Overfull \hbox (9.39899pt too wide) in paragraph at lines 220--221
[]\OT1/cmr/m/n/14.4 Sequence num-ber: 1957099778 [Next se-quence num-ber: 19570
99778] 
 []

Missing character: There is no Â in font cmr12!
Missing character: There is no · in font cmr12!
Missing character: There is no Â in font cmr12!
Missing character: There is no · in font cmr12!
Missing character: There is no Â in font cmr12!
Missing character: There is no · in font cmr12!
Missing character: There is no Â in font cmr12!
Missing character: There is no · in font cmr12!
Missing character: There is no Â in font cmr12!
Missing character: There is no · in font cmr12!
Missing character: There is no Â in font cmr12!
Missing character: There is no · in font cmr12!
Missing character: There is no Â in font cmr12!
Missing character: There is no · in font cmr12!
Missing character: There is no Â in font cmr12!
Missing character: There is no · in font cmr12!
Missing character: There is no Â in font cmr12!
Missing character: There is no · in font cmr12!
Missing character: There is no Â in font cmr12!
Missing character: There is no · in font cmr12!
Missing character: There is no Â in font cmr12!
Missing character: There is no · in font cmr12!
[7] <./output/6.pdf, id=32, 597.23125pt x 845.1575pt>
File: ./output/6.pdf Graphic file (type pdf)
 <use ./output/6.pdf>
Package pdftex.def Info: ./output/6.pdf used on input line 250.
(pdftex.def)             Requested size: 597.22978pt x 845.15544pt.
File: ./output/6.pdf Graphic file (type pdf)

<use ./output/6.pdf>
Package pdftex.def Info: ./output/6.pdf used on input line 250.
(pdftex.def)             Requested size: 597.22978pt x 845.15544pt.
 <./output/6.pdf, id=35, page=1, 597.23125pt x 845.1575pt>
File: ./output/6.pdf Graphic file (type pdf)

<use ./output/6.pdf, page 1>
Package pdftex.def Info: ./output/6.pdf, page1 used on input line 250.
(pdftex.def)             Requested size: 597.22978pt x 845.15544pt.
File: ./output/6.pdf Graphic file (type pdf)
 <use ./output/6.pdf, page 1>
Package pdftex.def Info: ./output/6.pdf, page1 used on input line 250.
(pdftex.def)             Requested size: 561.86221pt x 795.10587pt.

Underfull \hbox (badness 10000) in paragraph at lines 249--250

 []

[8]
File: ./output/6.pdf Graphic file (type pdf)
 <use ./output/6.pdf, page 1>
Package pdftex.def Info: ./output/6.pdf, page1 used on input line 250.
(pdftex.def)             Requested size: 561.86221pt x 795.10587pt.
File: ./output/6.pdf Graphic file (type pdf)
 <use ./output/6.pdf, page 1>
Package pdftex.def Info: ./output/6.pdf, page1 used on input line 250.
(pdftex.def)             Requested size: 561.86221pt x 795.10587pt.
File: ./output/6.pdf Graphic file (type pdf)

<use ./output/6.pdf, page 1>
Package pdftex.def Info: ./output/6.pdf, page1 used on input line 250.
(pdftex.def)             Requested size: 561.86221pt x 795.10587pt.
 [9 <./output/6.pdf>]
<./images/6a.png, id=57, 1046.91125pt x 651.43375pt>
File: ./images/6a.png Graphic file (type png)
 <use ./images/6a.png>
Package pdftex.def Info: ./images/6a.png used on input line 251.
(pdftex.def)             Requested size: 471.10571pt x 293.14247pt.

Overfull \hbox (22.50044pt too wide) in paragraph at lines 251--252
[][] 
 []

[10 <./images/6a.png>] <./output/7reply.pdf, id=61, 597.23125pt x 845.1575pt>
File: ./output/7reply.pdf Graphic file (type pdf)

<use ./output/7reply.pdf>
Package pdftex.def Info: ./output/7reply.pdf used on input line 278.
(pdftex.def)             Requested size: 597.22978pt x 845.15544pt.
File: ./output/7reply.pdf Graphic file (type pdf)
 <use ./output/7reply.pdf>
Package pdftex.def Info: ./output/7reply.pdf used on input line 278.
(pdftex.def)             Requested size: 597.22978pt x 845.15544pt.

<./output/7reply.pdf, id=64, page=1, 597.23125pt x 845.1575pt>
File: ./output/7reply.pdf Graphic file (type pdf)

<use ./output/7reply.pdf, page 1>
Package pdftex.def Info: ./output/7reply.pdf, page1 used on input line 278.
(pdftex.def)             Requested size: 597.22978pt x 845.15544pt.
File: ./output/7reply.pdf Graphic file (type pdf)
 <use ./output/7reply.pdf, page 1>
Package pdftex.def Info: ./output/7reply.pdf, page1 used on input line 278.
(pdftex.def)             Requested size: 561.86221pt x 795.10587pt.
 [11]
File: ./output/7reply.pdf Graphic file (type pdf)

<use ./output/7reply.pdf, page 1>
Package pdftex.def Info: ./output/7reply.pdf, page1 used on input line 278.
(pdftex.def)             Requested size: 561.86221pt x 795.10587pt.
File: ./output/7reply.pdf Graphic file (type pdf)
 <use ./output/7reply.pdf, page 1>
Package pdftex.def Info: ./output/7reply.pdf, page1 used on input line 278.
(pdftex.def)             Requested size: 561.86221pt x 795.10587pt.
File: ./output/7reply.pdf Graphic file (type pdf)

<use ./output/7reply.pdf, page 1>
Package pdftex.def Info: ./output/7reply.pdf, page1 used on input line 278.
(pdftex.def)             Requested size: 561.86221pt x 795.10587pt.
 [12 <./output/7reply.pdf>]
<./output/7request.pdf, id=86, 597.23125pt x 845.1575pt>
File: ./output/7request.pdf Graphic file (type pdf)

<use ./output/7request.pdf>
Package pdftex.def Info: ./output/7request.pdf used on input line 279.
(pdftex.def)             Requested size: 597.22978pt x 845.15544pt.
File: ./output/7request.pdf Graphic file (type pdf)
 <use ./output/7request.pdf>
Package pdftex.def Info: ./output/7request.pdf used on input line 279.
(pdftex.def)             Requested size: 597.22978pt x 845.15544pt.

<./output/7request.pdf, id=89, page=1, 597.23125pt x 845.1575pt>
File: ./output/7request.pdf Graphic file (type pdf)

<use ./output/7request.pdf, page 1>
Package pdftex.def Info: ./output/7request.pdf, page1 used on input line 279.
(pdftex.def)             Requested size: 597.22978pt x 845.15544pt.
File: ./output/7request.pdf Graphic file (type pdf)
 <use ./output/7request.pdf, page 1>
Package pdftex.def Info: ./output/7request.pdf, page1 used on input line 279.
(pdftex.def)             Requested size: 561.86221pt x 795.10587pt.
File: ./output/7request.pdf Graphic file (type pdf)

<use ./output/7request.pdf, page 1>
Package pdftex.def Info: ./output/7request.pdf, page1 used on input line 279.
(pdftex.def)             Requested size: 561.86221pt x 795.10587pt.
File: ./output/7request.pdf Graphic file (type pdf)
 <use ./output/7request.pdf, page 1>
Package pdftex.def Info: ./output/7request.pdf, page1 used on input line 279.
(pdftex.def)             Requested size: 561.86221pt x 795.10587pt.
File: ./output/7request.pdf Graphic file (type pdf)

<use ./output/7request.pdf, page 1>
Package pdftex.def Info: ./output/7request.pdf, page1 used on input line 279.
(pdftex.def)             Requested size: 561.86221pt x 795.10587pt.
 [13 <./output/7request.pdf>]
<./images/7.png, id=109, 1102.1175pt x 581.17125pt>
File: ./images/7.png Graphic file (type png)
 <use ./images/7.png>
Package pdftex.def Info: ./images/7.png used on input line 280.
(pdftex.def)             Requested size: 462.8862pt x 244.09026pt.

[14 <./images/7.png>] [15] [16] (./report.aux) ) 
Here is how much of TeX's memory you used:
 3334 strings out of 493029
 50057 string characters out of 6136234
 125704 words of memory out of 5000000
 6821 multiletter control sequences out of 15000+600000
 9097 words of font info for 33 fonts, out of 8000000 for 9000
 1141 hyphenation exceptions out of 8191
 38i,18n,43p,324b,424s stack positions out of 5000i,500n,10000p,200000b,80000s
</usr/share/texlive/texmf-dist/
fonts/type1/public/amsfonts/cm/cmbx12.pfb></usr/share/texlive/texmf-dist/fonts/
type1/public/amsfonts/cm/cmmi12.pfb></usr/share/texlive/texmf-dist/fonts/type1/
public/amsfonts/cm/cmr12.pfb></usr/share/texlive/texmf-dist/fonts/type1/public/
amsfonts/cm/cmr17.pfb></usr/share/texlive/texmf-dist/fonts/type1/public/amsfont
s/cm/cmss12.pfb></usr/share/texlive/texmf-dist/fonts/type1/public/amsfonts/cm/c
msy10.pfb>
Output written on report.pdf (16 pages, 582478 bytes).
PDF statistics:
 140 PDF objects out of 1000 (max. 8388607)
 88 compressed objects within 1 object stream
 0 named destinations out of 1000 (max. 500000)
 76 words of extra memory for PDF output out of 10000 (max. 10000000)

